<?xml version="1.0" encoding="UTF-8" ?>
<testsuite failures="0" time="0.695" errors="1" skipped="0" tests="1" name="com.lunarcodes.fetch.utils.test.GoogleUtilsTest">
  <properties>
[...]
</properties>
  <testcase time="0.692" classname="com.lunarcodes.fetch.utils.test.GoogleUtilsTest" name="testSearchWeb">
    <error message="Index: 0, Size: 0" type="java.lang.IndexOutOfBoundsException">java.lang.IndexOutOfBoundsException: Index: 0, Size: 0
	at java.util.ArrayList.RangeCheck(ArrayList.java:547)
	at java.util.ArrayList.get(ArrayList.java:322)
	at com.lunarcodes.fetch.utils.test.GoogleUtilsTest.testSearchWeb(GoogleUtilsTest.java:17)
</error>
    <system-out>http://ajax.googleapis.com/ajax/services/search/web?v=1.0&amp;q=Hello+World
Json String{&quot;responseData&quot;: {&quot;results&quot;:[{&quot;GsearchResultClass&quot;:&quot;GwebSearch&quot;,&quot;unescapedUrl&quot;:&quot;http://en.wikipedia.org/wiki/Hello_world_program&quot;,&quot;url&quot;:&quot;http://en.wikipedia.org/wiki/Hello_world_program&quot;,&quot;visibleUrl&quot;:&quot;en.wikipedia.org&quot;,&quot;cacheUrl&quot;:&quot;http://www.google.com/search?q\u003dcache:d_LgLFnyKcsJ:en.wikipedia.org&quot;,&quot;title&quot;:&quot;\u003cb\u003eHello world\u003c/b\u003e program - Wikipedia, the free encyclopedia&quot;,&quot;titleNoFormatting&quot;:&quot;Hello world program - Wikipedia, the free encyclopedia&quot;,&quot;content&quot;:&quot;A \u0026quot;\u003cb\u003eHello World\u003c/b\u003e\u0026quot; program is a computer program which prints out \u0026quot;\u003cb\u003eHello\u003c/b\u003e, \u003cb\u003eworld\u003c/b\u003e!\u0026quot;   on a display device. It is used in many introductory tutorials for teaching a   \u003cb\u003e...\u003c/b\u003e&quot;},{&quot;GsearchResultClass&quot;:&quot;GwebSearch&quot;,&quot;unescapedUrl&quot;:&quot;http://www.helloworld.com/&quot;,&quot;url&quot;:&quot;http://www.helloworld.com/&quot;,&quot;visibleUrl&quot;:&quot;www.helloworld.com&quot;,&quot;cacheUrl&quot;:&quot;http://www.google.com/search?q\u003dcache:QaCp7ECVKlQJ:www.helloworld.com&quot;,&quot;title&quot;:&quot;\u003cb\u003ehelloWorld\u003c/b\u003e: SAYit!&quot;,&quot;titleNoFormatting&quot;:&quot;helloWorld: SAYit!&quot;,&quot;content&quot;:&quot;Privacy Policy \u0026middot; System Requirements \u0026middot; Terms of Service \u0026middot; Customer Support \u0026middot;   Account Manager. Copyright © 2009 \u003cb\u003ehelloWorld\u003c/b\u003e All Rights Reserved.&quot;},{&quot;GsearchResultClass&quot;:&quot;GwebSearch&quot;,&quot;unescapedUrl&quot;:&quot;http://www.hello-world.com/&quot;,&quot;url&quot;:&quot;http://www.hello-world.com/&quot;,&quot;visibleUrl&quot;:&quot;www.hello-world.com&quot;,&quot;cacheUrl&quot;:&quot;http://www.google.com/search?q\u003dcache:wv5E7JGVQlYJ:www.hello-world.com&quot;,&quot;title&quot;:&quot;\u003cb\u003eHello World\u003c/b\u003e&quot;,&quot;titleNoFormatting&quot;:&quot;Hello World&quot;,&quot;content&quot;:&quot;Learn English, Spanish, French, German, Russian, Italian, Mandarin Chinese,   Indonesian and Computers Online!&quot;},{&quot;GsearchResultClass&quot;:&quot;GwebSearch&quot;,&quot;unescapedUrl&quot;:&quot;http://www.roesler-ac.de/wolfram/hello.htm&quot;,&quot;url&quot;:&quot;http://www.roesler-ac.de/wolfram/hello.htm&quot;,&quot;visibleUrl&quot;:&quot;www.roesler-ac.de&quot;,&quot;cacheUrl&quot;:&quot;http://www.google.com/search?q\u003dcache:JDBjRHYv0BEJ:www.roesler-ac.de&quot;,&quot;title&quot;:&quot;The \u003cb\u003eHello World\u003c/b\u003e Collection&quot;,&quot;titleNoFormatting&quot;:&quot;The Hello World Collection&quot;,&quot;content&quot;:&quot;The Collection without Frames.&quot;}],&quot;cursor&quot;:{&quot;pages&quot;:[{&quot;start&quot;:&quot;0&quot;,&quot;label&quot;:1},{&quot;start&quot;:&quot;4&quot;,&quot;label&quot;:2},{&quot;start&quot;:&quot;8&quot;,&quot;label&quot;:3},{&quot;start&quot;:&quot;12&quot;,&quot;label&quot;:4},{&quot;start&quot;:&quot;16&quot;,&quot;label&quot;:5},{&quot;start&quot;:&quot;20&quot;,&quot;label&quot;:6},{&quot;start&quot;:&quot;24&quot;,&quot;label&quot;:7},{&quot;start&quot;:&quot;28&quot;,&quot;label&quot;:8}],&quot;estimatedResultCount&quot;:&quot;58000000&quot;,&quot;currentPageIndex&quot;:0,&quot;moreResultsUrl&quot;:&quot;http://www.google.com/search?oe\u003dutf8\u0026ie\u003dutf8\u0026source\u003duds\u0026start\u003d0\u0026hl\u003den\u0026q\u003dHello+World&quot;}}, &quot;responseDetails&quot;: null, &quot;responseStatus&quot;: 200}
Google Json Vocom.lunarcodes.fetch.response.GoogleJsonVo@7a7c3885[responseData=com.lunarcodes.fetch.response.GoogleJsonVo$ResponseData@7162e295[googleResults=[]],responseStatus=200]
Google ResponseStatus200
[]
</system-out>
  </testcase>
</testsuite>